c:\others\fcis work\assembly 2012\assembly\labs\lab2\add & sub\debug\project.ilk
c:\others\fcis work\assembly 2012\assembly\labs\lab2\add & sub\debug\project.exe
c:\others\fcis work\assembly 2012\assembly\labs\lab2\add & sub\debug\project.exe.intermediate.manifest
c:\others\fcis work\assembly 2012\assembly\labs\lab2\add & sub\debug\project.pdb
c:\others\fcis work\assembly 2012\assembly\labs\lab2\assembly lab 2 materials\irvine\project_template\debug\project.ilk
c:\others\fcis work\assembly 2012\assembly\labs\lab2\assembly lab 2 materials\irvine\project_template\debug\project.exe
c:\others\fcis work\assembly 2012\assembly\labs\lab2\assembly lab 2 materials\irvine\project_template\debug\project.exe.intermediate.manifest
c:\others\fcis work\assembly 2012\assembly\labs\lab2\assembly lab 2 materials\irvine\project_template\debug\project.pdb
c:\others\fcis work\assembly 2012\assembly\labs\lab 2\assembly lab 2 materials\irvine2\project_template\debug\project.ilk
c:\others\fcis work\assembly 2012\assembly\labs\lab 2\assembly lab 2 materials\irvine2\project_template\debug\project.exe
c:\others\fcis work\assembly 2012\assembly\labs\lab 2\assembly lab 2 materials\irvine2\project_template\debug\project.exe.intermediate.manifest
c:\others\fcis work\assembly 2012\assembly\labs\lab 2\assembly lab 2 materials\irvine2\project_template\debug\project.pdb
c:\users\mona_\dropbox\assembly language 2015\resources\labs\irvine\irvine\project_template\debug\project.ilk
c:\users\mona_\dropbox\assembly language 2015\resources\labs\irvine\irvine\project_template\debug\project.exe
c:\users\mona_\dropbox\assembly language 2015\resources\labs\irvine\irvine\project_template\debug\project.exe.intermediate.manifest
c:\users\mona_\dropbox\assembly language 2015\resources\labs\irvine\irvine\project_template\debug\project.pdb
c:\others\fcis work\assembly 2012\assembly\labs\lab2\add & sub\debug\main.obj
c:\others\fcis work\assembly 2012\assembly\labs\lab 2\assembly lab 2 materials\irvine2\project_template\debug\main.obj
c:\users\mona_\dropbox\assembly language 2015\resources\labs\irvine\irvine\project_template\debug\main.obj
c:\irvine\project_template\debug\project.ilk
c:\irvine\project_template\debug\project.exe
c:\irvine\project_template\debug\project.pdb
f:\faculty of computers & informatics\3rd year\assembly\assembly\hang\debug\project.ilk
f:\faculty of computers & informatics\3rd year\assembly\assembly\hang\debug\project.exe
f:\faculty of computers & informatics\3rd year\assembly\assembly\hang\debug\project.pdb
c:\irvine\project_template\debug\main.obj
f:\faculty of computers & informatics\3rd year\assembly\assembly\hang\debug\main.obj
f:\faculty of computers & informatics\3rd year\assembly\assembly\hang\debug\project.vcxprojresolveassemblyreference.cache
f:\faculty of computers & informatics\3rd year\assembly\assembly\hang\debug\link.command.1.tlog
f:\faculty of computers & informatics\3rd year\assembly\assembly\hang\debug\link.read.1.tlog
f:\faculty of computers & informatics\3rd year\assembly\assembly\hang\debug\link.write.1.tlog
f:\faculty of computers & informatics\3rd year\assembly\assembly\hang\debug\mt.command.1.tlog
f:\faculty of computers & informatics\3rd year\assembly\assembly\hang\debug\mt.read.1.tlog
f:\faculty of computers & informatics\3rd year\assembly\assembly\hang\debug\mt.write.1.tlog
f:\faculty of computers & informatics\3rd year\assembly\assembly\hang\debug\project.write.1.tlog
f:\faculty of computers & informatics\3rd year\assembly\assembly\hang\debug\project.tlog\link.command.1.tlog
f:\faculty of computers & informatics\3rd year\assembly\assembly\hang\debug\project.tlog\link.read.1.tlog
f:\faculty of computers & informatics\3rd year\assembly\assembly\hang\debug\project.tlog\link.write.1.tlog
f:\faculty of computers & informatics\3rd year\assembly\assembly\hang\debug\project.tlog\project.write.1u.tlog
